This file contains any messages produced by compilers while
running configure, to aid debugging if configure makes a mistake.

It was created by Robo Soccer configure 1.0, which was
generated by GNU Autoconf 2.71.  Invocation command line was

  $ ./configure --no-create --no-recursion

## --------- ##
## Platform. ##
## --------- ##

hostname = nitro5
uname -m = x86_64
uname -r = 5.15.0-52-generic
uname -s = Linux
uname -v = #58-Ubuntu SMP Thu Oct 13 08:03:55 UTC 2022

/usr/bin/uname -p = x86_64
/bin/uname -X     = unknown

/bin/arch              = x86_64
/usr/bin/arch -k       = unknown
/usr/convex/getsysinfo = unknown
/usr/bin/hostinfo      = unknown
/bin/machine           = unknown
/usr/bin/oslevel       = unknown
/bin/universe          = unknown

PATH: /usr/local/sbin/
PATH: /usr/local/bin/
PATH: /usr/sbin/
PATH: /usr/bin/
PATH: /sbin/
PATH: /bin/
PATH: /usr/games/
PATH: /usr/local/games/
PATH: /snap/bin/
PATH: /snap/bin/


## ----------- ##
## Core tests. ##
## ----------- ##

configure:2509: looking for aux files: config.guess config.sub compile missing install-sh
configure:2522:  trying ./
configure:2551:   ./config.guess found
configure:2551:   ./config.sub found
configure:2551:   ./compile found
configure:2551:   ./missing found
configure:2533:   ./install-sh found
configure:2680: checking for a BSD-compatible install
configure:2753: result: /usr/bin/install -c
configure:2764: checking whether build environment is sane
configure:2819: result: yes
configure:2854: WARNING: 'missing' script is too old or missing
configure:2978: checking for a race-free mkdir -p
configure:3022: result: /usr/bin/mkdir -p
configure:3029: checking for gawk
configure:3064: result: no
configure:3029: checking for mawk
configure:3050: found /usr/bin/mawk
configure:3061: result: mawk
configure:3072: checking whether make sets $(MAKE)
configure:3095: result: yes
configure:3125: checking whether make supports nested variables
configure:3143: result: yes
configure:3348: checking for gcc
configure:3369: found /usr/bin/gcc
configure:3380: result: gcc
configure:3733: checking for C compiler version
configure:3742: gcc --version >&5
gcc (Ubuntu 11.3.0-1ubuntu1~22.04) 11.3.0
Copyright (C) 2021 Free Software Foundation, Inc.
This is free software; see the source for copying conditions.  There is NO
warranty; not even for MERCHANTABILITY or FITNESS FOR A PARTICULAR PURPOSE.

configure:3753: $? = 0
configure:3742: gcc -v >&5
Using built-in specs.
COLLECT_GCC=gcc
COLLECT_LTO_WRAPPER=/usr/lib/gcc/x86_64-linux-gnu/11/lto-wrapper
OFFLOAD_TARGET_NAMES=nvptx-none:amdgcn-amdhsa
OFFLOAD_TARGET_DEFAULT=1
Target: x86_64-linux-gnu
Configured with: ../src/configure -v --with-pkgversion='Ubuntu 11.3.0-1ubuntu1~22.04' --with-bugurl=file:///usr/share/doc/gcc-11/README.Bugs --enable-languages=c,ada,c++,go,brig,d,fortran,objc,obj-c++,m2 --prefix=/usr --with-gcc-major-version-only --program-suffix=-11 --program-prefix=x86_64-linux-gnu- --enable-shared --enable-linker-build-id --libexecdir=/usr/lib --without-included-gettext --enable-threads=posix --libdir=/usr/lib --enable-nls --enable-bootstrap --enable-clocale=gnu --enable-libstdcxx-debug --enable-libstdcxx-time=yes --with-default-libstdcxx-abi=new --enable-gnu-unique-object --disable-vtable-verify --enable-plugin --enable-default-pie --with-system-zlib --enable-libphobos-checking=release --with-target-system-zlib=auto --enable-objc-gc=auto --enable-multiarch --disable-werror --enable-cet --with-arch-32=i686 --with-abi=m64 --with-multilib-list=m32,m64,mx32 --enable-multilib --with-tune=generic --enable-offload-targets=nvptx-none=/build/gcc-11-xKiWfi/gcc-11-11.3.0/debian/tmp-nvptx/usr,amdgcn-amdhsa=/build/gcc-11-xKiWfi/gcc-11-11.3.0/debian/tmp-gcn/usr --without-cuda-driver --enable-checking=release --build=x86_64-linux-gnu --host=x86_64-linux-gnu --target=x86_64-linux-gnu --with-build-config=bootstrap-lto-lean --enable-link-serialization=2
Thread model: posix
Supported LTO compression algorithms: zlib zstd
gcc version 11.3.0 (Ubuntu 11.3.0-1ubuntu1~22.04) 
... rest of stderr output deleted ...
configure:3753: $? = 0
configure:3742: gcc -V >&5
gcc: error: unrecognized command-line option '-V'
gcc: fatal error: no input files
compilation terminated.
configure:3753: $? = 1
configure:3742: gcc -qversion >&5
gcc: error: unrecognized command-line option '-qversion'; did you mean '--version'?
gcc: fatal error: no input files
compilation terminated.
configure:3753: $? = 1
configure:3742: gcc -version >&5
gcc: error: unrecognized command-line option '-version'
gcc: fatal error: no input files
compilation terminated.
configure:3753: $? = 1
configure:3773: checking whether the C compiler works
configure:3795: gcc    conftest.c  >&5
configure:3799: $? = 0
configure:3849: result: yes
configure:3852: checking for C compiler default output file name
configure:3854: result: a.out
configure:3860: checking for suffix of executables
configure:3867: gcc -o conftest    conftest.c  >&5
configure:3871: $? = 0
configure:3894: result: 
configure:3916: checking whether we are cross compiling
configure:3924: gcc -o conftest    conftest.c  >&5
configure:3928: $? = 0
configure:3935: ./conftest
configure:3939: $? = 0
configure:3954: result: no
configure:3959: checking for suffix of object files
configure:3982: gcc -c   conftest.c >&5
configure:3986: $? = 0
configure:4008: result: o
configure:4012: checking whether the compiler supports GNU C
configure:4032: gcc -c   conftest.c >&5
configure:4032: $? = 0
configure:4042: result: yes
configure:4053: checking whether gcc accepts -g
configure:4074: gcc -c -g  conftest.c >&5
configure:4074: $? = 0
configure:4118: result: yes
configure:4138: checking for gcc option to enable C11 features
configure:4153: gcc  -c -g -O2  conftest.c >&5
configure:4153: $? = 0
configure:4171: result: none needed
configure:4287: checking whether gcc understands -c and -o together
configure:4310: gcc -c conftest.c -o conftest2.o
configure:4313: $? = 0
configure:4310: gcc -c conftest.c -o conftest2.o
configure:4313: $? = 0
configure:4325: result: yes
configure:4345: checking whether make supports the include directive
configure:4360: make -f confmf.GNU && cat confinc.out
make[2]: Entering directory '/mnt/ssd/University Files/Work/FALL2/CSCC85/Assignments/a3/RS_Distro_2022'
make[2]: Leaving directory '/mnt/ssd/University Files/Work/FALL2/CSCC85/Assignments/a3/RS_Distro_2022'
this is the am__doit target
configure:4363: $? = 0
configure:4382: result: yes (GNU style)
configure:4408: checking dependency style of gcc
configure:4520: result: gcc3
configure:4540: checking for gawk
configure:4572: result: mawk
configure:4584: checking whether ln -s works
configure:4588: result: yes
configure:4598: checking for glEnable in -lGL
configure:4621: gcc -o conftest -g -O2   conftest.c -lGL   >&5
configure:4621: $? = 0
configure:4631: result: yes
configure:4641: checking for gluBeginTrim in -lGLU
configure:4664: gcc -o conftest -g -O2   conftest.c -lGLU  -lGL  >&5
configure:4664: $? = 0
configure:4674: result: yes
configure:4684: checking for SDL_Init in -lSDL
configure:4707: gcc -o conftest -g -O2   conftest.c -lSDL  -lGLU -lGL  >&5
configure:4707: $? = 0
configure:4717: result: yes
configure:4727: checking for glutInit in -lglut
configure:4750: gcc -o conftest -g -O2   conftest.c -lglut  -lSDL -lGLU -lGL  >&5
configure:4750: $? = 0
configure:4760: result: yes
configure:4770: checking for jpeg_CreateCompress in -ljpeg
configure:4793: gcc -o conftest -g -O2   conftest.c -ljpeg  -lglut -lSDL -lGLU -lGL  >&5
/usr/bin/ld: cannot find -ljpeg: No such file or directory
collect2: error: ld returned 1 exit status
configure:4793: $? = 1
configure: failed program was:
| /* confdefs.h */
| #define PACKAGE_NAME "Robo Soccer"
| #define PACKAGE_TARNAME "robo-soccer"
| #define PACKAGE_VERSION "1.0"
| #define PACKAGE_STRING "Robo Soccer 1.0"
| #define PACKAGE_BUGREPORT "wisalam@live.com"
| #define PACKAGE_URL ""
| #define PACKAGE "robo-soccer"
| #define VERSION "1.0"
| #define HAVE_LIBGL 1
| #define HAVE_LIBGLU 1
| #define HAVE_LIBSDL 1
| #define HAVE_LIBGLUT 1
| /* end confdefs.h.  */
| 
| /* Override any GCC internal prototype to avoid an error.
|    Use char because int might match the return type of a GCC
|    builtin and then its argument prototype would still apply.  */
| char jpeg_CreateCompress ();
| int
| main (void)
| {
| return jpeg_CreateCompress ();
|   ;
|   return 0;
| }
configure:4803: result: no
configure:4813: checking for baswap in -lbluetooth
configure:4836: gcc -o conftest -g -O2   conftest.c -lbluetooth  -lglut -lSDL -lGLU -lGL  >&5
configure:4836: $? = 0
configure:4846: result: yes
configure:4856: checking for sqrt in -lm
configure:4879: gcc -o conftest -g -O2   conftest.c -lm  -lbluetooth -lglut -lSDL -lGLU -lGL  >&5
conftest.c:20:6: warning: conflicting types for built-in function 'sqrt'; expected 'double(double)' [-Wbuiltin-declaration-mismatch]
   20 | char sqrt ();
      |      ^~~~
conftest.c:1:1: note: 'sqrt' is declared in header '<math.h>'
    1 | /* confdefs.h */
configure:4879: $? = 0
configure:4889: result: yes
configure:4899: checking for pthread_create in -lpthread
configure:4922: gcc -o conftest -g -O2   conftest.c -lpthread  -lm -lbluetooth -lglut -lSDL -lGLU -lGL  >&5
configure:4922: $? = 0
configure:4932: result: yes
configure:4949: checking how to run the C preprocessor
configure:4975: gcc -E  conftest.c
configure:4975: $? = 0
configure:4990: gcc -E  conftest.c
conftest.c:18:10: fatal error: ac_nonexistent.h: No such file or directory
   18 | #include <ac_nonexistent.h>
      |          ^~~~~~~~~~~~~~~~~~
compilation terminated.
configure:4990: $? = 1
configure: failed program was:
| /* confdefs.h */
| #define PACKAGE_NAME "Robo Soccer"
| #define PACKAGE_TARNAME "robo-soccer"
| #define PACKAGE_VERSION "1.0"
| #define PACKAGE_STRING "Robo Soccer 1.0"
| #define PACKAGE_BUGREPORT "wisalam@live.com"
| #define PACKAGE_URL ""
| #define PACKAGE "robo-soccer"
| #define VERSION "1.0"
| #define HAVE_LIBGL 1
| #define HAVE_LIBGLU 1
| #define HAVE_LIBSDL 1
| #define HAVE_LIBGLUT 1
| #define HAVE_LIBBLUETOOTH 1
| #define HAVE_LIBM 1
| #define HAVE_LIBPTHREAD 1
| /* end confdefs.h.  */
| #include <ac_nonexistent.h>
configure:5017: result: gcc -E
configure:5031: gcc -E  conftest.c
configure:5031: $? = 0
configure:5046: gcc -E  conftest.c
conftest.c:18:10: fatal error: ac_nonexistent.h: No such file or directory
   18 | #include <ac_nonexistent.h>
      |          ^~~~~~~~~~~~~~~~~~
compilation terminated.
configure:5046: $? = 1
configure: failed program was:
| /* confdefs.h */
| #define PACKAGE_NAME "Robo Soccer"
| #define PACKAGE_TARNAME "robo-soccer"
| #define PACKAGE_VERSION "1.0"
| #define PACKAGE_STRING "Robo Soccer 1.0"
| #define PACKAGE_BUGREPORT "wisalam@live.com"
| #define PACKAGE_URL ""
| #define PACKAGE "robo-soccer"
| #define VERSION "1.0"
| #define HAVE_LIBGL 1
| #define HAVE_LIBGLU 1
| #define HAVE_LIBSDL 1
| #define HAVE_LIBGLUT 1
| #define HAVE_LIBBLUETOOTH 1
| #define HAVE_LIBM 1
| #define HAVE_LIBPTHREAD 1
| /* end confdefs.h.  */
| #include <ac_nonexistent.h>
configure:5077: checking for X
configure:5115: gcc -o conftest -g -O2   conftest.c -lX11 -lpthread -lm -lbluetooth -lglut -lSDL -lGLU -lGL  >&5
configure:5115: $? = 0
configure:5302: result: libraries , headers 
configure:5310: checking for stdio.h
configure:5310: gcc -c -g -O2  conftest.c >&5
configure:5310: $? = 0
configure:5310: result: yes
configure:5310: checking for stdlib.h
configure:5310: gcc -c -g -O2  conftest.c >&5
configure:5310: $? = 0
configure:5310: result: yes
configure:5310: checking for string.h
configure:5310: gcc -c -g -O2  conftest.c >&5
configure:5310: $? = 0
configure:5310: result: yes
configure:5310: checking for inttypes.h
configure:5310: gcc -c -g -O2  conftest.c >&5
configure:5310: $? = 0
configure:5310: result: yes
configure:5310: checking for stdint.h
configure:5310: gcc -c -g -O2  conftest.c >&5
configure:5310: $? = 0
configure:5310: result: yes
configure:5310: checking for strings.h
configure:5310: gcc -c -g -O2  conftest.c >&5
configure:5310: $? = 0
configure:5310: result: yes
configure:5310: checking for sys/stat.h
configure:5310: gcc -c -g -O2  conftest.c >&5
configure:5310: $? = 0
configure:5310: result: yes
configure:5310: checking for sys/types.h
configure:5310: gcc -c -g -O2  conftest.c >&5
configure:5310: $? = 0
configure:5310: result: yes
configure:5310: checking for unistd.h
configure:5310: gcc -c -g -O2  conftest.c >&5
configure:5310: $? = 0
configure:5310: result: yes
configure:5310: checking for sys/param.h
configure:5310: gcc -c -g -O2  conftest.c >&5
configure:5310: $? = 0
configure:5310: result: yes
configure:5335: checking for fcntl.h
configure:5335: gcc -c -g -O2  conftest.c >&5
configure:5335: $? = 0
configure:5335: result: yes
configure:5341: checking for inttypes.h
configure:5341: result: yes
configure:5347: checking for limits.h
configure:5347: gcc -c -g -O2  conftest.c >&5
configure:5347: $? = 0
configure:5347: result: yes
configure:5353: checking for malloc.h
configure:5353: gcc -c -g -O2  conftest.c >&5
configure:5353: $? = 0
configure:5353: result: yes
configure:5359: checking for stdint.h
configure:5359: result: yes
configure:5365: checking for stdlib.h
configure:5365: result: yes
configure:5371: checking for string.h
configure:5371: result: yes
configure:5377: checking for sys/file.h
configure:5377: gcc -c -g -O2  conftest.c >&5
configure:5377: $? = 0
configure:5377: result: yes
configure:5383: checking for sys/ioctl.h
configure:5383: gcc -c -g -O2  conftest.c >&5
configure:5383: $? = 0
configure:5383: result: yes
configure:5389: checking for sys/param.h
configure:5389: result: yes
configure:5395: checking for sys/socket.h
configure:5395: gcc -c -g -O2  conftest.c >&5
configure:5395: $? = 0
configure:5395: result: yes
configure:5401: checking for sys/time.h
configure:5401: gcc -c -g -O2  conftest.c >&5
configure:5401: $? = 0
configure:5401: result: yes
configure:5407: checking for unistd.h
configure:5407: result: yes
configure:5416: checking for inline
configure:5433: gcc -c -g -O2  conftest.c >&5
configure:5433: $? = 0
configure:5442: result: inline
configure:5460: checking for off_t
configure:5460: gcc -c -g -O2  conftest.c >&5
configure:5460: $? = 0
configure:5460: gcc -c -g -O2  conftest.c >&5
conftest.c: In function 'main':
conftest.c:73:20: error: expected expression before ')' token
   73 | if (sizeof ((off_t)))
      |                    ^
configure:5460: $? = 1
configure: failed program was:
| /* confdefs.h */
| #define PACKAGE_NAME "Robo Soccer"
| #define PACKAGE_TARNAME "robo-soccer"
| #define PACKAGE_VERSION "1.0"
| #define PACKAGE_STRING "Robo Soccer 1.0"
| #define PACKAGE_BUGREPORT "wisalam@live.com"
| #define PACKAGE_URL ""
| #define PACKAGE "robo-soccer"
| #define VERSION "1.0"
| #define HAVE_LIBGL 1
| #define HAVE_LIBGLU 1
| #define HAVE_LIBSDL 1
| #define HAVE_LIBGLUT 1
| #define HAVE_LIBBLUETOOTH 1
| #define HAVE_LIBM 1
| #define HAVE_LIBPTHREAD 1
| #define HAVE_STDIO_H 1
| #define HAVE_STDLIB_H 1
| #define HAVE_STRING_H 1
| #define HAVE_INTTYPES_H 1
| #define HAVE_STDINT_H 1
| #define HAVE_STRINGS_H 1
| #define HAVE_SYS_STAT_H 1
| #define HAVE_SYS_TYPES_H 1
| #define HAVE_UNISTD_H 1
| #define HAVE_SYS_PARAM_H 1
| #define STDC_HEADERS 1
| #define HAVE_FCNTL_H 1
| #define HAVE_INTTYPES_H 1
| #define HAVE_LIMITS_H 1
| #define HAVE_MALLOC_H 1
| #define HAVE_STDINT_H 1
| #define HAVE_STDLIB_H 1
| #define HAVE_STRING_H 1
| #define HAVE_SYS_FILE_H 1
| #define HAVE_SYS_IOCTL_H 1
| #define HAVE_SYS_PARAM_H 1
| #define HAVE_SYS_SOCKET_H 1
| #define HAVE_SYS_TIME_H 1
| #define HAVE_UNISTD_H 1
| /* end confdefs.h.  */
| #include <stddef.h>
| #ifdef HAVE_STDIO_H
| # include <stdio.h>
| #endif
| #ifdef HAVE_STDLIB_H
| # include <stdlib.h>
| #endif
| #ifdef HAVE_STRING_H
| # include <string.h>
| #endif
| #ifdef HAVE_INTTYPES_H
| # include <inttypes.h>
| #endif
| #ifdef HAVE_STDINT_H
| # include <stdint.h>
| #endif
| #ifdef HAVE_STRINGS_H
| # include <strings.h>
| #endif
| #ifdef HAVE_SYS_TYPES_H
| # include <sys/types.h>
| #endif
| #ifdef HAVE_SYS_STAT_H
| # include <sys/stat.h>
| #endif
| #ifdef HAVE_UNISTD_H
| # include <unistd.h>
| #endif
| int
| main (void)
| {
| if (sizeof ((off_t)))
| 	    return 0;
|   ;
|   return 0;
| }
configure:5460: result: yes
configure:5470: checking for size_t
configure:5470: gcc -c -g -O2  conftest.c >&5
configure:5470: $? = 0
configure:5470: gcc -c -g -O2  conftest.c >&5
conftest.c: In function 'main':
conftest.c:73:21: error: expected expression before ')' token
   73 | if (sizeof ((size_t)))
      |                     ^
configure:5470: $? = 1
configure: failed program was:
| /* confdefs.h */
| #define PACKAGE_NAME "Robo Soccer"
| #define PACKAGE_TARNAME "robo-soccer"
| #define PACKAGE_VERSION "1.0"
| #define PACKAGE_STRING "Robo Soccer 1.0"
| #define PACKAGE_BUGREPORT "wisalam@live.com"
| #define PACKAGE_URL ""
| #define PACKAGE "robo-soccer"
| #define VERSION "1.0"
| #define HAVE_LIBGL 1
| #define HAVE_LIBGLU 1
| #define HAVE_LIBSDL 1
| #define HAVE_LIBGLUT 1
| #define HAVE_LIBBLUETOOTH 1
| #define HAVE_LIBM 1
| #define HAVE_LIBPTHREAD 1
| #define HAVE_STDIO_H 1
| #define HAVE_STDLIB_H 1
| #define HAVE_STRING_H 1
| #define HAVE_INTTYPES_H 1
| #define HAVE_STDINT_H 1
| #define HAVE_STRINGS_H 1
| #define HAVE_SYS_STAT_H 1
| #define HAVE_SYS_TYPES_H 1
| #define HAVE_UNISTD_H 1
| #define HAVE_SYS_PARAM_H 1
| #define STDC_HEADERS 1
| #define HAVE_FCNTL_H 1
| #define HAVE_INTTYPES_H 1
| #define HAVE_LIMITS_H 1
| #define HAVE_MALLOC_H 1
| #define HAVE_STDINT_H 1
| #define HAVE_STDLIB_H 1
| #define HAVE_STRING_H 1
| #define HAVE_SYS_FILE_H 1
| #define HAVE_SYS_IOCTL_H 1
| #define HAVE_SYS_PARAM_H 1
| #define HAVE_SYS_SOCKET_H 1
| #define HAVE_SYS_TIME_H 1
| #define HAVE_UNISTD_H 1
| /* end confdefs.h.  */
| #include <stddef.h>
| #ifdef HAVE_STDIO_H
| # include <stdio.h>
| #endif
| #ifdef HAVE_STDLIB_H
| # include <stdlib.h>
| #endif
| #ifdef HAVE_STRING_H
| # include <string.h>
| #endif
| #ifdef HAVE_INTTYPES_H
| # include <inttypes.h>
| #endif
| #ifdef HAVE_STDINT_H
| # include <stdint.h>
| #endif
| #ifdef HAVE_STRINGS_H
| # include <strings.h>
| #endif
| #ifdef HAVE_SYS_TYPES_H
| # include <sys/types.h>
| #endif
| #ifdef HAVE_SYS_STAT_H
| # include <sys/stat.h>
| #endif
| #ifdef HAVE_UNISTD_H
| # include <unistd.h>
| #endif
| int
| main (void)
| {
| if (sizeof ((size_t)))
| 	    return 0;
|   ;
|   return 0;
| }
configure:5470: result: yes
configure:5480: checking for ssize_t
configure:5480: gcc -c -g -O2  conftest.c >&5
configure:5480: $? = 0
configure:5480: gcc -c -g -O2  conftest.c >&5
conftest.c: In function 'main':
conftest.c:73:22: error: expected expression before ')' token
   73 | if (sizeof ((ssize_t)))
      |                      ^
configure:5480: $? = 1
configure: failed program was:
| /* confdefs.h */
| #define PACKAGE_NAME "Robo Soccer"
| #define PACKAGE_TARNAME "robo-soccer"
| #define PACKAGE_VERSION "1.0"
| #define PACKAGE_STRING "Robo Soccer 1.0"
| #define PACKAGE_BUGREPORT "wisalam@live.com"
| #define PACKAGE_URL ""
| #define PACKAGE "robo-soccer"
| #define VERSION "1.0"
| #define HAVE_LIBGL 1
| #define HAVE_LIBGLU 1
| #define HAVE_LIBSDL 1
| #define HAVE_LIBGLUT 1
| #define HAVE_LIBBLUETOOTH 1
| #define HAVE_LIBM 1
| #define HAVE_LIBPTHREAD 1
| #define HAVE_STDIO_H 1
| #define HAVE_STDLIB_H 1
| #define HAVE_STRING_H 1
| #define HAVE_INTTYPES_H 1
| #define HAVE_STDINT_H 1
| #define HAVE_STRINGS_H 1
| #define HAVE_SYS_STAT_H 1
| #define HAVE_SYS_TYPES_H 1
| #define HAVE_UNISTD_H 1
| #define HAVE_SYS_PARAM_H 1
| #define STDC_HEADERS 1
| #define HAVE_FCNTL_H 1
| #define HAVE_INTTYPES_H 1
| #define HAVE_LIMITS_H 1
| #define HAVE_MALLOC_H 1
| #define HAVE_STDINT_H 1
| #define HAVE_STDLIB_H 1
| #define HAVE_STRING_H 1
| #define HAVE_SYS_FILE_H 1
| #define HAVE_SYS_IOCTL_H 1
| #define HAVE_SYS_PARAM_H 1
| #define HAVE_SYS_SOCKET_H 1
| #define HAVE_SYS_TIME_H 1
| #define HAVE_UNISTD_H 1
| /* end confdefs.h.  */
| #include <stddef.h>
| #ifdef HAVE_STDIO_H
| # include <stdio.h>
| #endif
| #ifdef HAVE_STDLIB_H
| # include <stdlib.h>
| #endif
| #ifdef HAVE_STRING_H
| # include <string.h>
| #endif
| #ifdef HAVE_INTTYPES_H
| # include <inttypes.h>
| #endif
| #ifdef HAVE_STDINT_H
| # include <stdint.h>
| #endif
| #ifdef HAVE_STRINGS_H
| # include <strings.h>
| #endif
| #ifdef HAVE_SYS_TYPES_H
| # include <sys/types.h>
| #endif
| #ifdef HAVE_SYS_STAT_H
| # include <sys/stat.h>
| #endif
| #ifdef HAVE_UNISTD_H
| # include <unistd.h>
| #endif
| int
| main (void)
| {
| if (sizeof ((ssize_t)))
| 	    return 0;
|   ;
|   return 0;
| }
configure:5480: result: yes
configure:5490: checking for uint16_t
configure:5490: gcc -c -g -O2  conftest.c >&5
configure:5490: $? = 0
configure:5490: result: yes
configure:5500: checking for uint32_t
configure:5500: gcc -c -g -O2  conftest.c >&5
configure:5500: $? = 0
configure:5500: result: yes
configure:5512: checking for uint64_t
configure:5512: gcc -c -g -O2  conftest.c >&5
configure:5512: $? = 0
configure:5512: result: yes
configure:5524: checking for uint8_t
configure:5524: gcc -c -g -O2  conftest.c >&5
configure:5524: $? = 0
configure:5524: result: yes
configure:5544: checking build system type
configure:5559: result: x86_64-pc-linux-gnu
configure:5579: checking host system type
configure:5593: result: x86_64-pc-linux-gnu
configure:5613: checking for GNU libc compatible malloc
configure:5645: gcc -o conftest -g -O2   conftest.c -lpthread -lm -lbluetooth -lglut -lSDL -lGLU -lGL  >&5
configure:5645: $? = 0
configure:5645: ./conftest
configure:5645: $? = 0
configure:5656: result: yes
configure:5683: checking for getpagesize
configure:5683: gcc -o conftest -g -O2   conftest.c -lpthread -lm -lbluetooth -lglut -lSDL -lGLU -lGL  >&5
configure:5683: $? = 0
configure:5683: result: yes
configure:5694: checking for working mmap
configure:5846: gcc -o conftest -g -O2   conftest.c -lpthread -lm -lbluetooth -lglut -lSDL -lGLU -lGL  >&5
configure:5846: $? = 0
configure:5846: ./conftest
configure:5846: $? = 0
configure:5857: result: yes
configure:5866: checking for GNU libc compatible realloc
configure:5898: gcc -o conftest -g -O2   conftest.c -lpthread -lm -lbluetooth -lglut -lSDL -lGLU -lGL  >&5
configure:5898: $? = 0
configure:5898: ./conftest
configure:5898: $? = 0
configure:5909: result: yes
configure:5931: checking for floor
configure:5931: gcc -o conftest -g -O2   conftest.c -lpthread -lm -lbluetooth -lglut -lSDL -lGLU -lGL  >&5
conftest.c:62:6: warning: conflicting types for built-in function 'floor'; expected 'double(double)' [-Wbuiltin-declaration-mismatch]
   62 | char floor ();
      |      ^~~~~
conftest.c:54:1: note: 'floor' is declared in header '<math.h>'
   53 | #include <limits.h>
   54 | #undef floor
configure:5931: $? = 0
configure:5931: result: yes
configure:5937: checking for ftruncate
configure:5937: gcc -o conftest -g -O2   conftest.c -lpthread -lm -lbluetooth -lglut -lSDL -lGLU -lGL  >&5
configure:5937: $? = 0
configure:5937: result: yes
configure:5943: checking for memset
configure:5943: gcc -o conftest -g -O2   conftest.c -lpthread -lm -lbluetooth -lglut -lSDL -lGLU -lGL  >&5
conftest.c:64:6: warning: conflicting types for built-in function 'memset'; expected 'void *(void *, int,  long unsigned int)' [-Wbuiltin-declaration-mismatch]
   64 | char memset ();
      |      ^~~~~~
conftest.c:56:1: note: 'memset' is declared in header '<string.h>'
   55 | #include <limits.h>
   56 | #undef memset
configure:5943: $? = 0
configure:5943: result: yes
configure:5949: checking for pow
configure:5949: gcc -o conftest -g -O2   conftest.c -lpthread -lm -lbluetooth -lglut -lSDL -lGLU -lGL  >&5
conftest.c:65:6: warning: conflicting types for built-in function 'pow'; expected 'double(double,  double)' [-Wbuiltin-declaration-mismatch]
   65 | char pow ();
      |      ^~~
conftest.c:57:1: note: 'pow' is declared in header '<math.h>'
   56 | #include <limits.h>
   57 | #undef pow
configure:5949: $? = 0
configure:5949: result: yes
configure:5955: checking for select
configure:5955: gcc -o conftest -g -O2   conftest.c -lpthread -lm -lbluetooth -lglut -lSDL -lGLU -lGL  >&5
configure:5955: $? = 0
configure:5955: result: yes
configure:5961: checking for socket
configure:5961: gcc -o conftest -g -O2   conftest.c -lpthread -lm -lbluetooth -lglut -lSDL -lGLU -lGL  >&5
configure:5961: $? = 0
configure:5961: result: yes
configure:5967: checking for sqrt
configure:5967: gcc -o conftest -g -O2   conftest.c -lpthread -lm -lbluetooth -lglut -lSDL -lGLU -lGL  >&5
conftest.c:68:6: warning: conflicting types for built-in function 'sqrt'; expected 'double(double)' [-Wbuiltin-declaration-mismatch]
   68 | char sqrt ();
      |      ^~~~
conftest.c:60:1: note: 'sqrt' is declared in header '<math.h>'
   59 | #include <limits.h>
   60 | #undef sqrt
configure:5967: $? = 0
configure:5967: result: yes
configure:5973: checking for strdup
configure:5973: gcc -o conftest -g -O2   conftest.c -lpthread -lm -lbluetooth -lglut -lSDL -lGLU -lGL  >&5
conftest.c:69:6: warning: conflicting types for built-in function 'strdup'; expected 'char *(const char *)' [-Wbuiltin-declaration-mismatch]
   69 | char strdup ();
      |      ^~~~~~
configure:5973: $? = 0
configure:5973: result: yes
configure:5979: checking for strerror
configure:5979: gcc -o conftest -g -O2   conftest.c -lpthread -lm -lbluetooth -lglut -lSDL -lGLU -lGL  >&5
configure:5979: $? = 0
configure:5979: result: yes
configure:5985: checking for strncasecmp
configure:5985: gcc -o conftest -g -O2   conftest.c -lpthread -lm -lbluetooth -lglut -lSDL -lGLU -lGL  >&5
conftest.c:71:6: warning: conflicting types for built-in function 'strncasecmp'; expected 'int(const char *, const char *, long unsigned int)' [-Wbuiltin-declaration-mismatch]
   71 | char strncasecmp ();
      |      ^~~~~~~~~~~
configure:5985: $? = 0
configure:5985: result: yes
configure:6041: checking for ranlib
configure:6062: found /usr/bin/ranlib
configure:6073: result: ranlib
configure:6199: checking that generated files are newer than configure
configure:6205: result: done
configure:6228: creating ./config.status

## ---------------- ##
## Cache variables. ##
## ---------------- ##

ac_cv_build=x86_64-pc-linux-gnu
ac_cv_c_compiler_gnu=yes
ac_cv_c_inline=inline
ac_cv_c_uint16_t=yes
ac_cv_c_uint32_t=yes
ac_cv_c_uint64_t=yes
ac_cv_c_uint8_t=yes
ac_cv_env_CC_set=
ac_cv_env_CC_value=
ac_cv_env_CFLAGS_set=
ac_cv_env_CFLAGS_value=
ac_cv_env_CPPFLAGS_set=
ac_cv_env_CPPFLAGS_value=
ac_cv_env_CPP_set=
ac_cv_env_CPP_value=
ac_cv_env_LDFLAGS_set=
ac_cv_env_LDFLAGS_value=
ac_cv_env_LIBS_set=
ac_cv_env_LIBS_value=
ac_cv_env_XMKMF_set=
ac_cv_env_XMKMF_value=
ac_cv_env_build_alias_set=
ac_cv_env_build_alias_value=
ac_cv_env_host_alias_set=
ac_cv_env_host_alias_value=
ac_cv_env_target_alias_set=
ac_cv_env_target_alias_value=
ac_cv_func_floor=yes
ac_cv_func_ftruncate=yes
ac_cv_func_getpagesize=yes
ac_cv_func_malloc_0_nonnull=yes
ac_cv_func_memset=yes
ac_cv_func_mmap_fixed_mapped=yes
ac_cv_func_pow=yes
ac_cv_func_realloc_0_nonnull=yes
ac_cv_func_select=yes
ac_cv_func_socket=yes
ac_cv_func_sqrt=yes
ac_cv_func_strdup=yes
ac_cv_func_strerror=yes
ac_cv_func_strncasecmp=yes
ac_cv_have_x='have_x=yes	ac_x_includes='\'''\''	ac_x_libraries='\'''\'''
ac_cv_header_fcntl_h=yes
ac_cv_header_inttypes_h=yes
ac_cv_header_limits_h=yes
ac_cv_header_malloc_h=yes
ac_cv_header_stdint_h=yes
ac_cv_header_stdio_h=yes
ac_cv_header_stdlib_h=yes
ac_cv_header_string_h=yes
ac_cv_header_strings_h=yes
ac_cv_header_sys_file_h=yes
ac_cv_header_sys_ioctl_h=yes
ac_cv_header_sys_param_h=yes
ac_cv_header_sys_socket_h=yes
ac_cv_header_sys_stat_h=yes
ac_cv_header_sys_time_h=yes
ac_cv_header_sys_types_h=yes
ac_cv_header_unistd_h=yes
ac_cv_host=x86_64-pc-linux-gnu
ac_cv_lib_GLU_gluBeginTrim=yes
ac_cv_lib_GL_glEnable=yes
ac_cv_lib_SDL_SDL_Init=yes
ac_cv_lib_bluetooth_baswap=yes
ac_cv_lib_glut_glutInit=yes
ac_cv_lib_jpeg_jpeg_CreateCompress=no
ac_cv_lib_m_sqrt=yes
ac_cv_lib_pthread_pthread_create=yes
ac_cv_objext=o
ac_cv_path_install='/usr/bin/install -c'
ac_cv_path_mkdir=/usr/bin/mkdir
ac_cv_prog_AWK=mawk
ac_cv_prog_CPP='gcc -E'
ac_cv_prog_ac_ct_CC=gcc
ac_cv_prog_ac_ct_RANLIB=ranlib
ac_cv_prog_cc_c11=
ac_cv_prog_cc_g=yes
ac_cv_prog_cc_stdc=
ac_cv_prog_make_make_set=yes
ac_cv_type_off_t=yes
ac_cv_type_size_t=yes
ac_cv_type_ssize_t=yes
am_cv_CC_dependencies_compiler_type=gcc3
am_cv_make_support_nested_variables=yes
am_cv_prog_cc_c_o=yes

## ----------------- ##
## Output variables. ##
## ----------------- ##

ACLOCAL='aclocal-1.16'
AMDEPBACKSLASH='\'
AMDEP_FALSE='#'
AMDEP_TRUE=''
AMTAR='$${TAR-tar}'
AM_BACKSLASH='\'
AM_DEFAULT_V='$(AM_DEFAULT_VERBOSITY)'
AM_DEFAULT_VERBOSITY='1'
AM_V='$(V)'
AUTOCONF='autoconf'
AUTOHEADER='autoheader'
AUTOMAKE='automake-1.16'
AWK='mawk'
CC='gcc'
CCDEPMODE='depmode=gcc3'
CFLAGS='-g -O2'
CPP='gcc -E'
CPPFLAGS=''
CSCOPE='cscope'
CTAGS='ctags'
CYGPATH_W='echo'
DEFS='-DHAVE_CONFIG_H'
DEPDIR='.deps'
ECHO_C=''
ECHO_N='-n'
ECHO_T=''
ETAGS='etags'
EXEEXT=''
INSTALL_DATA='${INSTALL} -m 644'
INSTALL_PROGRAM='${INSTALL}'
INSTALL_SCRIPT='${INSTALL}'
INSTALL_STRIP_PROGRAM='$(install_sh) -c -s'
LDFLAGS=''
LIBOBJS=''
LIBS='-lpthread -lm -lbluetooth -lglut -lSDL -lGLU -lGL '
LN_S='ln -s'
LTLIBOBJS=''
MAKEINFO='makeinfo'
MKDIR_P='/usr/bin/mkdir -p'
OBJEXT='o'
PACKAGE='robo-soccer'
PACKAGE_BUGREPORT='wisalam@live.com'
PACKAGE_NAME='Robo Soccer'
PACKAGE_STRING='Robo Soccer 1.0'
PACKAGE_TARNAME='robo-soccer'
PACKAGE_URL=''
PACKAGE_VERSION='1.0'
PATH_SEPARATOR=':'
RANLIB='ranlib'
SET_MAKE=''
SHELL='/bin/bash'
STRIP=''
VERSION='1.0'
XMKMF=''
ac_ct_CC='gcc'
am__EXEEXT_FALSE=''
am__EXEEXT_TRUE='#'
am__fastdepCC_FALSE='#'
am__fastdepCC_TRUE=''
am__include='include'
am__isrc=''
am__leading_dot='.'
am__nodep='_no'
am__quote=''
am__tar='$${TAR-tar} chof - "$$tardir"'
am__untar='$${TAR-tar} xf -'
bindir='${exec_prefix}/bin'
build='x86_64-pc-linux-gnu'
build_alias=''
build_cpu='x86_64'
build_os='linux-gnu'
build_vendor='pc'
datadir='${datarootdir}'
datarootdir='${prefix}/share'
docdir='${datarootdir}/doc/${PACKAGE_TARNAME}'
dvidir='${docdir}'
exec_prefix='${prefix}'
host='x86_64-pc-linux-gnu'
host_alias=''
host_cpu='x86_64'
host_os='linux-gnu'
host_vendor='pc'
htmldir='${docdir}'
includedir='${prefix}/include'
infodir='${datarootdir}/info'
install_sh='${SHELL} '\''/mnt/ssd/University Files/Work/FALL2/CSCC85/Assignments/a3/RS_Distro_2022/install-sh'\'''
libdir='${exec_prefix}/lib'
libexecdir='${exec_prefix}/libexec'
localedir='${datarootdir}/locale'
localstatedir='${prefix}/var'
mandir='${datarootdir}/man'
mkdir_p='$(MKDIR_P)'
oldincludedir='/usr/include'
pdfdir='${docdir}'
prefix='/mnt/ssd/University Files/Work/FALL2/CSCC85/Assignments/a3/RS_Distro_2022'
program_transform_name='s,x,x,'
psdir='${docdir}'
runstatedir='${localstatedir}/run'
sbindir='${exec_prefix}/sbin'
sharedstatedir='${prefix}/com'
sysconfdir='${prefix}/etc'
target_alias=''

## ----------- ##
## confdefs.h. ##
## ----------- ##

/* confdefs.h */
#define PACKAGE_NAME "Robo Soccer"
#define PACKAGE_TARNAME "robo-soccer"
#define PACKAGE_VERSION "1.0"
#define PACKAGE_STRING "Robo Soccer 1.0"
#define PACKAGE_BUGREPORT "wisalam@live.com"
#define PACKAGE_URL ""
#define PACKAGE "robo-soccer"
#define VERSION "1.0"
#define HAVE_LIBGL 1
#define HAVE_LIBGLU 1
#define HAVE_LIBSDL 1
#define HAVE_LIBGLUT 1
#define HAVE_LIBBLUETOOTH 1
#define HAVE_LIBM 1
#define HAVE_LIBPTHREAD 1
#define HAVE_STDIO_H 1
#define HAVE_STDLIB_H 1
#define HAVE_STRING_H 1
#define HAVE_INTTYPES_H 1
#define HAVE_STDINT_H 1
#define HAVE_STRINGS_H 1
#define HAVE_SYS_STAT_H 1
#define HAVE_SYS_TYPES_H 1
#define HAVE_UNISTD_H 1
#define HAVE_SYS_PARAM_H 1
#define STDC_HEADERS 1
#define HAVE_FCNTL_H 1
#define HAVE_INTTYPES_H 1
#define HAVE_LIMITS_H 1
#define HAVE_MALLOC_H 1
#define HAVE_STDINT_H 1
#define HAVE_STDLIB_H 1
#define HAVE_STRING_H 1
#define HAVE_SYS_FILE_H 1
#define HAVE_SYS_IOCTL_H 1
#define HAVE_SYS_PARAM_H 1
#define HAVE_SYS_SOCKET_H 1
#define HAVE_SYS_TIME_H 1
#define HAVE_UNISTD_H 1
#define HAVE_MALLOC 1
#define HAVE_GETPAGESIZE 1
#define HAVE_MMAP 1
#define HAVE_REALLOC 1
#define HAVE_FLOOR 1
#define HAVE_FTRUNCATE 1
#define HAVE_MEMSET 1
#define HAVE_POW 1
#define HAVE_SELECT 1
#define HAVE_SOCKET 1
#define HAVE_SQRT 1
#define HAVE_STRDUP 1
#define HAVE_STRERROR 1
#define HAVE_STRNCASECMP 1

configure: exit 0

## ---------------------- ##
## Running config.status. ##
## ---------------------- ##

This file was extended by Robo Soccer config.status 1.0, which was
generated by GNU Autoconf 2.71.  Invocation command line was

  CONFIG_FILES    = 
  CONFIG_HEADERS  = 
  CONFIG_LINKS    = 
  CONFIG_COMMANDS = 
  $ ./config.status 

on nitro5

config.status:894: creating Makefile
config.status:894: creating src/Makefile
config.status:894: creating include/config.h
config.status:1075: include/config.h is unchanged
config.status:1123: executing depfiles commands
config.status:1200: cd src       && sed -e '/# am--include-marker/d' Makefile         | make -f - am--depfiles
make[2]: Entering directory '/mnt/ssd/University Files/Work/FALL2/CSCC85/Assignments/a3/RS_Distro_2022/src'
make[2]: Leaving directory '/mnt/ssd/University Files/Work/FALL2/CSCC85/Assignments/a3/RS_Distro_2022/src'
config.status:1205: $? = 0
